\BOOKMARK [0][-]{part.1}{I User manual}{}% 1
\BOOKMARK [1][-]{section.1}{Introduction}{part.1}% 2
\BOOKMARK [2][-]{subsection.1.1}{Compatibility}{section.1}% 3
\BOOKMARK [1][-]{section.2}{Simple commands}{part.1}% 4
\BOOKMARK [1][-]{section.3}{Char per width commands}{part.1}% 5
\BOOKMARK [2][-]{subsection.3.1}{Characters fitting a given width}{section.3}% 6
\BOOKMARK [2][-]{subsection.3.2}{Width for a given number of characters}{section.3}% 7
\BOOKMARK [1][-]{section.4}{Height commands}{part.1}% 8
\BOOKMARK [1][-]{section.5}{Tabular data}{part.1}% 9
\BOOKMARK [2][-]{subsection.5.1}{Font tables}{section.5}% 10
\BOOKMARK [2][-]{subsection.5.2}{Width tables}{section.5}% 11
\BOOKMARK [2][-]{subsection.5.3}{Height tables}{section.5}% 12
\BOOKMARK [0][-]{part.2}{II Notes, details, licensing}{}% 13
\BOOKMARK [1][-]{section.6}{Calculations}{part.2}% 14
\BOOKMARK [1][-]{section.7}{Known issues}{part.2}% 15
\BOOKMARK [1][-]{section.8}{Future implementations and roadmap}{part.2}% 16
\BOOKMARK [1][-]{section.9}{Changelog}{part.2}% 17
\BOOKMARK [1][-]{section.10}{Acknowledgments}{part.2}% 18
\BOOKMARK [1][-]{section.11}{License and contacts}{part.2}% 19
\BOOKMARK [1][-]{section*.9}{Bibliography}{part.2}% 20
\BOOKMARK [1][-]{section*.10}{Index}{part.2}% 21
